build/intermediates/manifest_merge_blame_file/release/processReleaseMainManifest/manifest-merger-blame-release-report.txt
1<?xml version="1.0" encoding="utf-8"?>
2<manifest xmlns:android="http://schemas.android.com/apk/res/android"
3    package="com.example.pocketpt"
4    android:versionCode="1"
5    android:versionName="1.0" >
6
7    <uses-sdk
8        android:minSdkVersion="21"
9        android:targetSdkVersion="35" />
10
11    <application
11-->src\main\AndroidManifest.xml:3:5-17:19
12        android:extractNativeLibs="true"
13        android:icon="@mipmap/ic_launcher"
13-->src\main\AndroidManifest.xml:5:9-43
14        android:label="PocketPT"
14-->src\main\AndroidManifest.xml:4:9-33
15        android:roundIcon="@mipmap/ic_launcher_round"
15-->src\main\AndroidManifest.xml:6:9-54
16        android:theme="@style/LaunchTheme" >
16-->src\main\AndroidManifest.xml:7:9-43
17        <activity
17-->src\main\AndroidManifest.xml:9:9-15:20
18            android:name="com.example.pocketpt.MainActivity"
18-->src\main\AndroidManifest.xml:9:19-47
19            android:exported="true" >
19-->src\main\AndroidManifest.xml:10:13-36
20            <intent-filter>
20-->src\main\AndroidManifest.xml:11:13-14:29
21                <action android:name="android.intent.action.MAIN" />
21-->src\main\AndroidManifest.xml:12:17-69
21-->src\main\AndroidManifest.xml:12:25-66
22
23                <category android:name="android.intent.category.LAUNCHER" />
23-->src\main\AndroidManifest.xml:13:17-77
23-->src\main\AndroidManifest.xml:13:27-74
24            </intent-filter>
25        </activity>
26    </application>
27
28</manifest>